0 info it worked if it ends with ok
1 verbose cli [ 'C:\\Program Files\\nodejs\\node.exe',
1 verbose cli   'C:\\Program Files\\nodejs\\node_modules\\npm\\bin\\npm-cli.js',
1 verbose cli   'install',
1 verbose cli   'angularfire2',
1 verbose cli   '--save' ]
2 info using npm@2.14.20
3 info using node@v4.4.0
4 verbose install initial load of d:\TypeScript Projects\Ionic Pract\Ionic_Tab_Http_ Pract\Tab_HTTP_Sample\package.json
5 warn package.json tab_http_sample@ No repository field.
6 warn package.json tab_http_sample@ No README data
7 warn package.json tab_http_sample@ No license field.
8 verbose installManyTop reading scoped package data from d:\TypeScript Projects\Ionic Pract\Ionic_Tab_Http_ Pract\Tab_HTTP_Sample\node_modules\angular2\package.json
9 verbose installManyTop reading scoped package data from d:\TypeScript Projects\Ionic Pract\Ionic_Tab_Http_ Pract\Tab_HTTP_Sample\node_modules\del\package.json
10 verbose installManyTop reading scoped package data from d:\TypeScript Projects\Ionic Pract\Ionic_Tab_Http_ Pract\Tab_HTTP_Sample\node_modules\es6-promise\package.json
11 verbose installManyTop reading scoped package data from d:\TypeScript Projects\Ionic Pract\Ionic_Tab_Http_ Pract\Tab_HTTP_Sample\node_modules\es6-shim\package.json
12 verbose installManyTop reading scoped package data from d:\TypeScript Projects\Ionic Pract\Ionic_Tab_Http_ Pract\Tab_HTTP_Sample\node_modules\firebase\package.json
13 verbose installManyTop reading scoped package data from d:\TypeScript Projects\Ionic Pract\Ionic_Tab_Http_ Pract\Tab_HTTP_Sample\node_modules\gulp\package.json
14 verbose installManyTop reading scoped package data from d:\TypeScript Projects\Ionic Pract\Ionic_Tab_Http_ Pract\Tab_HTTP_Sample\node_modules\gulp-watch\package.json
15 verbose installManyTop reading scoped package data from d:\TypeScript Projects\Ionic Pract\Ionic_Tab_Http_ Pract\Tab_HTTP_Sample\node_modules\ionic-angular\package.json
16 verbose installManyTop reading scoped package data from d:\TypeScript Projects\Ionic Pract\Ionic_Tab_Http_ Pract\Tab_HTTP_Sample\node_modules\ionic-gulp-browserify-typescript\package.json
17 verbose installManyTop reading scoped package data from d:\TypeScript Projects\Ionic Pract\Ionic_Tab_Http_ Pract\Tab_HTTP_Sample\node_modules\ionic-gulp-fonts-copy\package.json
18 verbose installManyTop reading scoped package data from d:\TypeScript Projects\Ionic Pract\Ionic_Tab_Http_ Pract\Tab_HTTP_Sample\node_modules\ionic-gulp-html-copy\package.json
19 verbose installManyTop reading scoped package data from d:\TypeScript Projects\Ionic Pract\Ionic_Tab_Http_ Pract\Tab_HTTP_Sample\node_modules\ionic-gulp-sass-build\package.json
20 verbose installManyTop reading scoped package data from d:\TypeScript Projects\Ionic Pract\Ionic_Tab_Http_ Pract\Tab_HTTP_Sample\node_modules\ionic-gulp-scripts-copy\package.json
21 verbose installManyTop reading scoped package data from d:\TypeScript Projects\Ionic Pract\Ionic_Tab_Http_ Pract\Tab_HTTP_Sample\node_modules\ionic-native\package.json
22 verbose installManyTop reading scoped package data from d:\TypeScript Projects\Ionic Pract\Ionic_Tab_Http_ Pract\Tab_HTTP_Sample\node_modules\ionicons\package.json
23 verbose installManyTop reading scoped package data from d:\TypeScript Projects\Ionic Pract\Ionic_Tab_Http_ Pract\Tab_HTTP_Sample\node_modules\reflect-metadata\package.json
24 verbose installManyTop reading scoped package data from d:\TypeScript Projects\Ionic Pract\Ionic_Tab_Http_ Pract\Tab_HTTP_Sample\node_modules\rxjs\package.json
25 verbose installManyTop reading scoped package data from d:\TypeScript Projects\Ionic Pract\Ionic_Tab_Http_ Pract\Tab_HTTP_Sample\node_modules\zone.js\package.json
26 info package.json firebase@2.4.2 No license field.
27 info package.json ionic-gulp-fonts-copy@1.0.0 No repository field.
28 info package.json ionic-gulp-fonts-copy@1.0.0 No license field.
29 verbose readDependencies loading dependencies from d:\TypeScript Projects\Ionic Pract\Ionic_Tab_Http_ Pract\Tab_HTTP_Sample\package.json
30 silly cache add args [ 'angularfire2', null ]
31 verbose cache add spec angularfire2
32 silly cache add parsed spec Result {
32 silly cache add   raw: 'angularfire2',
32 silly cache add   scope: null,
32 silly cache add   name: 'angularfire2',
32 silly cache add   rawSpec: '',
32 silly cache add   spec: 'latest',
32 silly cache add   type: 'tag' }
33 silly addNamed angularfire2@latest
34 verbose addNamed "latest" is being treated as a dist-tag for angularfire2
35 info addNameTag [ 'angularfire2', 'latest' ]
36 silly mapToRegistry name angularfire2
37 silly mapToRegistry using default registry
38 silly mapToRegistry registry https://registry.npmjs.org/
39 silly mapToRegistry uri https://registry.npmjs.org/angularfire2
40 verbose addNameTag registry:https://registry.npmjs.org/angularfire2 not in flight; fetching
41 verbose request uri https://registry.npmjs.org/angularfire2
42 verbose request no auth needed
43 info attempt registry request try #1 at 8:48:57 PM
44 verbose request id 319ef65ad8c4b855
45 verbose etag "1Z0RT9GE915XD551XJSN9K3GW"
46 http request GET https://registry.npmjs.org/angularfire2
47 http 304 https://registry.npmjs.org/angularfire2
48 verbose headers { date: 'Sat, 02 Apr 2016 15:48:57 GMT',
48 verbose headers   via: '1.1 varnish',
48 verbose headers   'cache-control': 'max-age=300',
48 verbose headers   etag: '"1Z0RT9GE915XD551XJSN9K3GW"',
48 verbose headers   age: '0',
48 verbose headers   connection: 'keep-alive',
48 verbose headers   'x-served-by': 'cache-fra1229-FRA',
48 verbose headers   'x-cache': 'MISS',
48 verbose headers   'x-cache-hits': '0',
48 verbose headers   'x-timer': 'S1459612137.638270,VS0,VE177',
48 verbose headers   vary: 'Accept' }
49 silly get cb [ 304,
49 silly get   { date: 'Sat, 02 Apr 2016 15:48:57 GMT',
49 silly get     via: '1.1 varnish',
49 silly get     'cache-control': 'max-age=300',
49 silly get     etag: '"1Z0RT9GE915XD551XJSN9K3GW"',
49 silly get     age: '0',
49 silly get     connection: 'keep-alive',
49 silly get     'x-served-by': 'cache-fra1229-FRA',
49 silly get     'x-cache': 'MISS',
49 silly get     'x-cache-hits': '0',
49 silly get     'x-timer': 'S1459612137.638270,VS0,VE177',
49 silly get     vary: 'Accept' } ]
50 verbose etag https://registry.npmjs.org/angularfire2 from cache
51 verbose get saving angularfire2 to C:\Users\Shahzaib\AppData\Roaming\npm-cache\registry.npmjs.org\angularfire2\.cache.json
52 verbose correctMkdir C:\Users\Shahzaib\AppData\Roaming\npm-cache correctMkdir not in flight; initializing
53 silly addNameTag next cb for angularfire2 with tag latest
54 silly addNamed angularfire2@2.0.0-alpha.13
55 verbose addNamed "2.0.0-alpha.13" is a plain semver version for angularfire2
56 silly cache afterAdd angularfire2@2.0.0-alpha.13
57 verbose afterAdd C:\Users\Shahzaib\AppData\Roaming\npm-cache\angularfire2\2.0.0-alpha.13\package\package.json not in flight; writing
58 verbose correctMkdir C:\Users\Shahzaib\AppData\Roaming\npm-cache correctMkdir not in flight; initializing
59 verbose afterAdd C:\Users\Shahzaib\AppData\Roaming\npm-cache\angularfire2\2.0.0-alpha.13\package\package.json written
60 silly install resolved [ { name: 'angularfire2',
60 silly install resolved     version: '2.0.0-alpha.13',
60 silly install resolved     description: '[![Build Status](https://travis-ci.org/angular/angularfire2.svg?branch=master)](https://travis-ci.org/angular/angularfire2)',
60 silly install resolved     main: 'angularfire2.js',
60 silly install resolved     scripts:
60 silly install resolved      { test: 'npm run build; karma start',
60 silly install resolved        docs: 'typedoc --out docs/api/ --module commonjs --mode modules --name AngularFire2 src',
60 silly install resolved        build: 'rm -rf dist; tsc && cp package.json README.md LICENSE .npmignore dist/',
60 silly install resolved        postbuild: 'node tools/rewrite-published-package.js',
60 silly install resolved        build_bundle: 'cp -r src angularfire2 && tsc typings/main.d.ts angularfire2.ts --rootDir . --module system -t es5 --outFile dist/bundles/angularfire2.js  --moduleResolution node --emitDecoratorMetadata --experimentalDecorators' },
60 silly install resolved     keywords: [ 'angular2', 'angular', 'firebase' ],
60 silly install resolved     repository: { type: 'git', url: 'git+https://github.com/angular/indy.git' },
60 silly install resolved     author: { name: 'jeffbcross' },
60 silly install resolved     license: 'MIT',
60 silly install resolved     bugs: { url: 'https://github.com/angular/indy/issues' },
60 silly install resolved     homepage: 'https://github.com/angular/indy#readme',
60 silly install resolved     devDependencies:
60 silly install resolved      { 'es6-module-loader': '^0.17.10',
60 silly install resolved        'es6-shim': '^0.33.13',
60 silly install resolved        'firebase-server': '^0.5.2',
60 silly install resolved        gulp: '^3.9.0',
60 silly install resolved        'gulp-jasmine': '^2.2.1',
60 silly install resolved        'gulp-typescript': '^2.10.0',
60 silly install resolved        'http-server': '^0.8.5',
60 silly install resolved        jasmine: '^2.4.1',
60 silly install resolved        'jasmine-core': '^2.4.1',
60 silly install resolved        json: '^9.0.3',
60 silly install resolved        karma: '^0.13.19',
60 silly install resolved        'karma-chrome-launcher': '^0.2.2',
60 silly install resolved        'karma-firefox-launcher': '^0.1.7',
60 silly install resolved        'karma-jasmine': '^0.3.6',
60 silly install resolved        'karma-systemjs': '^0.10.0',
60 silly install resolved        'mock-promises': '0.6.0',
60 silly install resolved        parse5: '^1.3.2',
60 silly install resolved        protractor: '3.0.0',
60 silly install resolved        'reflect-metadata': '0.1.2',
60 silly install resolved        systemjs: '^0.19.16',
60 silly install resolved        'systemjs-builder': '^0.15.7',
60 silly install resolved        traceur: '0.0.96',
60 silly install resolved        tsd: '^0.6.5',
60 silly install resolved        typedoc: 'github:jeffbcross/typedoc',
60 silly install resolved        typescript: '1.7.5',
60 silly install resolved        typings: '^0.6.2',
60 silly install resolved        'zone.js': '0.5.15' },
60 silly install resolved     typings: 'angularfire2.d.ts',
60 silly install resolved     peerDependencies:
60 silly install resolved      { angular2: '2.0.0-beta.7',
60 silly install resolved        firebase: '2.4.1',
60 silly install resolved        rxjs: '5.0.0-beta.2' },
60 silly install resolved     _id: 'angularfire2@2.0.0-alpha.13',
60 silly install resolved     _shasum: '3a8cdf6962e9a753bfc7074c95c31bb4908abbf4',
60 silly install resolved     _from: 'angularfire2@latest',
60 silly install resolved     _resolved: 'https://registry.npmjs.org/angularfire2/-/angularfire2-2.0.0-alpha.13.tgz',
60 silly install resolved     _npmVersion: '3.6.0',
60 silly install resolved     _nodeVersion: '5.5.0',
60 silly install resolved     _npmUser: { name: 'jeffbcross', email: 'middlefloor@gmail.com' },
60 silly install resolved     dist:
60 silly install resolved      { shasum: '3a8cdf6962e9a753bfc7074c95c31bb4908abbf4',
60 silly install resolved        tarball: 'https://registry.npmjs.org/angularfire2/-/angularfire2-2.0.0-alpha.13.tgz' },
60 silly install resolved     maintainers: [ [Object], [Object] ],
60 silly install resolved     _npmOperationalInternal:
60 silly install resolved      { host: 'packages-12-west.internal.npmjs.com',
60 silly install resolved        tmp: 'tmp/angularfire2-2.0.0-alpha.13.tgz_1458715021600_0.922012761933729' },
60 silly install resolved     directories: {},
60 silly install resolved     readme: 'ERROR: No README data found!' } ]
61 info install angularfire2@2.0.0-alpha.13 into d:\TypeScript Projects\Ionic Pract\Ionic_Tab_Http_ Pract\Tab_HTTP_Sample
62 info installOne angularfire2@2.0.0-alpha.13
63 verbose installOne of angularfire2 to d:\TypeScript Projects\Ionic Pract\Ionic_Tab_Http_ Pract\Tab_HTTP_Sample not in flight; installing
64 verbose correctMkdir C:\Users\Shahzaib\AppData\Roaming\npm-cache\_locks correctMkdir not in flight; initializing
65 verbose lock using C:\Users\Shahzaib\AppData\Roaming\npm-cache\_locks\angularfire2-d7acca91c3de5b23.lock for d:\TypeScript Projects\Ionic Pract\Ionic_Tab_Http_ Pract\Tab_HTTP_Sample\node_modules\angularfire2
66 silly install write writing angularfire2 2.0.0-alpha.13 to d:\TypeScript Projects\Ionic Pract\Ionic_Tab_Http_ Pract\Tab_HTTP_Sample\node_modules\angularfire2
67 verbose unbuild node_modules\angularfire2
68 silly gentlyRm d:\TypeScript Projects\Ionic Pract\Ionic_Tab_Http_ Pract\Tab_HTTP_Sample\node_modules\angularfire2 is being purged from base d:\TypeScript Projects\Ionic Pract\Ionic_Tab_Http_ Pract\Tab_HTTP_Sample
69 verbose gentlyRm don't care about contents; nuking d:\TypeScript Projects\Ionic Pract\Ionic_Tab_Http_ Pract\Tab_HTTP_Sample\node_modules\angularfire2
70 verbose tar unpack C:\Users\Shahzaib\AppData\Roaming\npm-cache\angularfire2\2.0.0-alpha.13\package.tgz
71 verbose tar unpacking to d:\TypeScript Projects\Ionic Pract\Ionic_Tab_Http_ Pract\Tab_HTTP_Sample\node_modules\angularfire2
72 silly gentlyRm d:\TypeScript Projects\Ionic Pract\Ionic_Tab_Http_ Pract\Tab_HTTP_Sample\node_modules\angularfire2 is being purged
73 verbose gentlyRm don't care about contents; nuking d:\TypeScript Projects\Ionic Pract\Ionic_Tab_Http_ Pract\Tab_HTTP_Sample\node_modules\angularfire2
74 silly gunzTarPerm modes [ '777', '666' ]
75 silly gunzTarPerm extractEntry package.json
76 silly gunzTarPerm modified mode [ 'package.json', 420, 438 ]
77 silly gunzTarPerm extractEntry .npmignore
78 silly gunzTarPerm modified mode [ '.npmignore', 420, 438 ]
79 silly gunzTarPerm extractEntry README.md
80 silly gunzTarPerm modified mode [ 'README.md', 420, 438 ]
81 silly gunzTarPerm extractEntry LICENSE
82 silly gunzTarPerm modified mode [ 'LICENSE', 420, 438 ]
83 silly gunzTarPerm extractEntry angularfire2.js
84 silly gunzTarPerm modified mode [ 'angularfire2.js', 420, 438 ]
85 silly gunzTarPerm extractEntry angularfire2_worker_app.js
86 silly gunzTarPerm modified mode [ 'angularfire2_worker_app.js', 420, 438 ]
87 silly gunzTarPerm extractEntry angularfire2_worker_render.js
88 silly gunzTarPerm modified mode [ 'angularfire2_worker_render.js', 420, 438 ]
89 silly gunzTarPerm extractEntry tokens.js
90 silly gunzTarPerm modified mode [ 'tokens.js', 420, 438 ]
91 silly gunzTarPerm extractEntry angularfire2_worker_app.js.map
92 silly gunzTarPerm modified mode [ 'angularfire2_worker_app.js.map', 420, 438 ]
93 silly gunzTarPerm extractEntry utils/firebase_list_factory.js
94 silly gunzTarPerm modified mode [ 'utils/firebase_list_factory.js', 420, 438 ]
95 silly gunzTarPerm extractEntry utils/firebase_list_observable.js
96 silly gunzTarPerm modified mode [ 'utils/firebase_list_observable.js', 420, 438 ]
97 silly gunzTarPerm extractEntry utils/absolute_path_resolver.js
98 silly gunzTarPerm modified mode [ 'utils/absolute_path_resolver.js', 420, 438 ]
99 silly gunzTarPerm extractEntry utils/firebase_object_factory.js
100 silly gunzTarPerm modified mode [ 'utils/firebase_object_factory.js', 420, 438 ]
101 silly gunzTarPerm extractEntry utils/firebase_object_observable.js
102 silly gunzTarPerm modified mode [ 'utils/firebase_object_observable.js', 420, 438 ]
103 silly gunzTarPerm extractEntry utils/utils.js
104 silly gunzTarPerm modified mode [ 'utils/utils.js', 420, 438 ]
105 silly gunzTarPerm extractEntry utils/firebase_object_factory.d.ts
106 silly gunzTarPerm modified mode [ 'utils/firebase_object_factory.d.ts', 420, 438 ]
107 silly gunzTarPerm extractEntry utils/absolute_path_resolver.js.map
108 silly gunzTarPerm modified mode [ 'utils/absolute_path_resolver.js.map', 420, 438 ]
109 silly gunzTarPerm extractEntry utils/firebase_list_observable.js.map
110 silly gunzTarPerm modified mode [ 'utils/firebase_list_observable.js.map', 420, 438 ]
111 silly gunzTarPerm extractEntry utils/firebase_list_factory.d.ts
112 silly gunzTarPerm modified mode [ 'utils/firebase_list_factory.d.ts', 420, 438 ]
113 silly gunzTarPerm extractEntry utils/absolute_path_resolver.d.ts
114 silly gunzTarPerm modified mode [ 'utils/absolute_path_resolver.d.ts', 420, 438 ]
115 silly gunzTarPerm extractEntry utils/firebase_object_factory.js.map
116 silly gunzTarPerm modified mode [ 'utils/firebase_object_factory.js.map', 420, 438 ]
117 silly gunzTarPerm extractEntry utils/firebase_object_observable.d.ts
118 silly gunzTarPerm modified mode [ 'utils/firebase_object_observable.d.ts', 420, 438 ]
119 silly gunzTarPerm extractEntry utils/firebase_list_factory.js.map
120 silly gunzTarPerm modified mode [ 'utils/firebase_list_factory.js.map', 420, 438 ]
121 silly gunzTarPerm extractEntry utils/firebase_object_observable.js.map
122 silly gunzTarPerm modified mode [ 'utils/firebase_object_observable.js.map', 420, 438 ]
123 silly gunzTarPerm extractEntry utils/utils.d.ts
124 silly gunzTarPerm modified mode [ 'utils/utils.d.ts', 420, 438 ]
125 silly gunzTarPerm extractEntry utils/firebase_list_observable.d.ts
126 silly gunzTarPerm modified mode [ 'utils/firebase_list_observable.d.ts', 420, 438 ]
127 silly gunzTarPerm extractEntry utils/utils.js.map
128 silly gunzTarPerm modified mode [ 'utils/utils.js.map', 420, 438 ]
129 silly gunzTarPerm extractEntry angularfire2.js.map
130 silly gunzTarPerm modified mode [ 'angularfire2.js.map', 420, 438 ]
131 silly gunzTarPerm extractEntry angularfire2_worker_render.js.map
132 silly gunzTarPerm modified mode [ 'angularfire2_worker_render.js.map', 420, 438 ]
133 silly gunzTarPerm extractEntry angularfire2_worker_app.d.ts
134 silly gunzTarPerm modified mode [ 'angularfire2_worker_app.d.ts', 420, 438 ]
135 silly gunzTarPerm extractEntry providers/auth.js
136 silly gunzTarPerm modified mode [ 'providers/auth.js', 420, 438 ]
137 silly gunzTarPerm extractEntry providers/auth_backend.js
138 silly gunzTarPerm modified mode [ 'providers/auth_backend.js', 420, 438 ]
139 silly gunzTarPerm extractEntry providers/firebase_sdk_auth_backend.js
140 silly gunzTarPerm modified mode [ 'providers/firebase_sdk_auth_backend.js', 420, 438 ]
141 silly gunzTarPerm extractEntry providers/auth.d.ts
142 silly gunzTarPerm modified mode [ 'providers/auth.d.ts', 420, 438 ]
143 silly gunzTarPerm extractEntry providers/auth.js.map
144 silly gunzTarPerm modified mode [ 'providers/auth.js.map', 420, 438 ]
145 silly gunzTarPerm extractEntry providers/auth_backend.d.ts
146 silly gunzTarPerm modified mode [ 'providers/auth_backend.d.ts', 420, 438 ]
147 silly gunzTarPerm extractEntry providers/auth_backend.js.map
148 silly gunzTarPerm modified mode [ 'providers/auth_backend.js.map', 420, 438 ]
149 silly gunzTarPerm extractEntry providers/firebase_sdk_auth_backend.d.ts
150 silly gunzTarPerm modified mode [ 'providers/firebase_sdk_auth_backend.d.ts', 420, 438 ]
151 silly gunzTarPerm extractEntry providers/firebase_sdk_auth_backend.js.map
152 silly gunzTarPerm modified mode [ 'providers/firebase_sdk_auth_backend.js.map', 420, 438 ]
153 silly gunzTarPerm extractEntry providers/web_workers/shared/channels.js
154 silly gunzTarPerm modified mode [ 'providers/web_workers/shared/channels.js', 420, 438 ]
155 silly gunzTarPerm extractEntry providers/web_workers/shared/channels.d.ts
156 silly gunzTarPerm modified mode [ 'providers/web_workers/shared/channels.d.ts', 420, 438 ]
157 silly gunzTarPerm extractEntry providers/web_workers/shared/channels.js.map
158 silly gunzTarPerm modified mode [ 'providers/web_workers/shared/channels.js.map', 420, 438 ]
159 silly gunzTarPerm extractEntry providers/web_workers/ui/auth.js
160 silly gunzTarPerm modified mode [ 'providers/web_workers/ui/auth.js', 420, 438 ]
161 silly gunzTarPerm extractEntry providers/web_workers/ui/auth.d.ts
162 silly gunzTarPerm modified mode [ 'providers/web_workers/ui/auth.d.ts', 420, 438 ]
163 silly gunzTarPerm extractEntry providers/web_workers/ui/auth.js.map
164 silly gunzTarPerm modified mode [ 'providers/web_workers/ui/auth.js.map', 420, 438 ]
165 silly gunzTarPerm extractEntry providers/web_workers/worker/auth.js
166 silly gunzTarPerm modified mode [ 'providers/web_workers/worker/auth.js', 420, 438 ]
167 silly gunzTarPerm extractEntry providers/web_workers/worker/auth.d.ts
168 silly gunzTarPerm modified mode [ 'providers/web_workers/worker/auth.d.ts', 420, 438 ]
169 silly gunzTarPerm extractEntry providers/web_workers/worker/auth.js.map
170 silly gunzTarPerm modified mode [ 'providers/web_workers/worker/auth.js.map', 420, 438 ]
171 silly gunzTarPerm extractEntry tokens.d.ts
172 silly gunzTarPerm modified mode [ 'tokens.d.ts', 420, 438 ]
173 silly gunzTarPerm extractEntry angularfire2.d.ts
174 silly gunzTarPerm modified mode [ 'angularfire2.d.ts', 420, 438 ]
175 silly gunzTarPerm extractEntry tokens.js.map
176 silly gunzTarPerm modified mode [ 'tokens.js.map', 420, 438 ]
177 silly gunzTarPerm extractEntry angularfire2_worker_render.d.ts
178 silly gunzTarPerm modified mode [ 'angularfire2_worker_render.d.ts', 420, 438 ]
179 verbose write writing to d:\TypeScript Projects\Ionic Pract\Ionic_Tab_Http_ Pract\Tab_HTTP_Sample\node_modules\angularfire2\package.json
180 info preinstall angularfire2@2.0.0-alpha.13
181 verbose readDependencies loading dependencies from d:\TypeScript Projects\Ionic Pract\Ionic_Tab_Http_ Pract\Tab_HTTP_Sample\node_modules\angularfire2\package.json
182 silly prepareForInstallMany adding angular2@2.0.0-beta.7 from angularfire2 peerDependencies
183 silly prepareForInstallMany adding firebase@2.4.1 from angularfire2 peerDependencies
184 silly prepareForInstallMany adding rxjs@5.0.0-beta.2 from angularfire2 peerDependencies
185 warn peerDependencies The peer dependency angular2@2.0.0-beta.7 included from angularfire2 will no
186 warn peerDependencies longer be automatically installed to fulfill the peerDependency
187 warn peerDependencies in npm 3+. Your application will need to depend on it explicitly.
188 warn peerDependencies The peer dependency firebase@2.4.1 included from angularfire2 will no
189 warn peerDependencies longer be automatically installed to fulfill the peerDependency
190 warn peerDependencies in npm 3+. Your application will need to depend on it explicitly.
191 warn peerDependencies The peer dependency rxjs@5.0.0-beta.2 included from angularfire2 will no
192 warn peerDependencies longer be automatically installed to fulfill the peerDependency
193 warn peerDependencies in npm 3+. Your application will need to depend on it explicitly.
194 verbose readDependencies loading dependencies from d:\TypeScript Projects\Ionic Pract\Ionic_Tab_Http_ Pract\Tab_HTTP_Sample\node_modules\angularfire2\package.json
195 silly install resolved []
196 verbose about to build d:\TypeScript Projects\Ionic Pract\Ionic_Tab_Http_ Pract\Tab_HTTP_Sample\node_modules\angularfire2
197 info build d:\TypeScript Projects\Ionic Pract\Ionic_Tab_Http_ Pract\Tab_HTTP_Sample\node_modules\angularfire2
198 info linkStuff angularfire2@2.0.0-alpha.13
199 silly linkStuff angularfire2@2.0.0-alpha.13 has d:\TypeScript Projects\Ionic Pract\Ionic_Tab_Http_ Pract\Tab_HTTP_Sample\node_modules as its parent node_modules
200 verbose linkBins angularfire2@2.0.0-alpha.13
201 verbose linkMans angularfire2@2.0.0-alpha.13
202 verbose rebuildBundles angularfire2@2.0.0-alpha.13
203 info install angularfire2@2.0.0-alpha.13
204 info postinstall angularfire2@2.0.0-alpha.13
205 verbose readDependencies loading dependencies from d:\TypeScript Projects\Ionic Pract\Ionic_Tab_Http_ Pract\Tab_HTTP_Sample\package.json
206 verbose targetResolver reading package data from d:\TypeScript Projects\Ionic Pract\Ionic_Tab_Http_ Pract\Tab_HTTP_Sample\node_modules\angular2\package.json
207 verbose targetResolver reading package data from d:\TypeScript Projects\Ionic Pract\Ionic_Tab_Http_ Pract\Tab_HTTP_Sample\node_modules\angularfire2\package.json
208 verbose targetResolver reading package data from d:\TypeScript Projects\Ionic Pract\Ionic_Tab_Http_ Pract\Tab_HTTP_Sample\node_modules\del\package.json
209 verbose targetResolver reading package data from d:\TypeScript Projects\Ionic Pract\Ionic_Tab_Http_ Pract\Tab_HTTP_Sample\node_modules\es6-promise\package.json
210 verbose targetResolver reading package data from d:\TypeScript Projects\Ionic Pract\Ionic_Tab_Http_ Pract\Tab_HTTP_Sample\node_modules\es6-shim\package.json
211 verbose targetResolver reading package data from d:\TypeScript Projects\Ionic Pract\Ionic_Tab_Http_ Pract\Tab_HTTP_Sample\node_modules\firebase\package.json
212 verbose targetResolver reading package data from d:\TypeScript Projects\Ionic Pract\Ionic_Tab_Http_ Pract\Tab_HTTP_Sample\node_modules\gulp\package.json
213 verbose targetResolver reading package data from d:\TypeScript Projects\Ionic Pract\Ionic_Tab_Http_ Pract\Tab_HTTP_Sample\node_modules\gulp-watch\package.json
214 verbose targetResolver reading package data from d:\TypeScript Projects\Ionic Pract\Ionic_Tab_Http_ Pract\Tab_HTTP_Sample\node_modules\ionic-angular\package.json
215 verbose targetResolver reading package data from d:\TypeScript Projects\Ionic Pract\Ionic_Tab_Http_ Pract\Tab_HTTP_Sample\node_modules\ionic-gulp-browserify-typescript\package.json
216 verbose targetResolver reading package data from d:\TypeScript Projects\Ionic Pract\Ionic_Tab_Http_ Pract\Tab_HTTP_Sample\node_modules\ionic-gulp-fonts-copy\package.json
217 verbose targetResolver reading package data from d:\TypeScript Projects\Ionic Pract\Ionic_Tab_Http_ Pract\Tab_HTTP_Sample\node_modules\ionic-gulp-html-copy\package.json
218 verbose targetResolver reading package data from d:\TypeScript Projects\Ionic Pract\Ionic_Tab_Http_ Pract\Tab_HTTP_Sample\node_modules\ionic-gulp-sass-build\package.json
219 verbose targetResolver reading package data from d:\TypeScript Projects\Ionic Pract\Ionic_Tab_Http_ Pract\Tab_HTTP_Sample\node_modules\ionic-gulp-scripts-copy\package.json
220 verbose targetResolver reading package data from d:\TypeScript Projects\Ionic Pract\Ionic_Tab_Http_ Pract\Tab_HTTP_Sample\node_modules\ionic-native\package.json
221 verbose targetResolver reading package data from d:\TypeScript Projects\Ionic Pract\Ionic_Tab_Http_ Pract\Tab_HTTP_Sample\node_modules\ionicons\package.json
222 verbose targetResolver reading package data from d:\TypeScript Projects\Ionic Pract\Ionic_Tab_Http_ Pract\Tab_HTTP_Sample\node_modules\reflect-metadata\package.json
223 verbose targetResolver reading package data from d:\TypeScript Projects\Ionic Pract\Ionic_Tab_Http_ Pract\Tab_HTTP_Sample\node_modules\rxjs\package.json
224 verbose targetResolver reading package data from d:\TypeScript Projects\Ionic Pract\Ionic_Tab_Http_ Pract\Tab_HTTP_Sample\node_modules\zone.js\package.json
225 verbose targetResolver reading package data from d:\TypeScript Projects\Ionic Pract\Ionic_Tab_Http_ Pract\Tab_HTTP_Sample\node_modules\.bin\gulp\package.json
226 verbose targetResolver reading package data from d:\TypeScript Projects\Ionic Pract\Ionic_Tab_Http_ Pract\Tab_HTTP_Sample\node_modules\.bin\gulp.cmd\package.json
227 verbose already installed skipping rxjs@5.0.0-beta.2 d:\TypeScript Projects\Ionic Pract\Ionic_Tab_Http_ Pract\Tab_HTTP_Sample
228 verbose already installed skipping angular2@2.0.0-beta.7 d:\TypeScript Projects\Ionic Pract\Ionic_Tab_Http_ Pract\Tab_HTTP_Sample
229 verbose already installed skipping firebase@2.4.1 d:\TypeScript Projects\Ionic Pract\Ionic_Tab_Http_ Pract\Tab_HTTP_Sample
230 silly install resolved []
231 verbose unlock done using C:\Users\Shahzaib\AppData\Roaming\npm-cache\_locks\angularfire2-d7acca91c3de5b23.lock for d:\TypeScript Projects\Ionic Pract\Ionic_Tab_Http_ Pract\Tab_HTTP_Sample\node_modules\angularfire2
232 verbose validateInstall loading d:\TypeScript Projects\Ionic Pract\Ionic_Tab_Http_ Pract\Tab_HTTP_Sample\package.json for validation
233 verbose stack Error: The package angular2@2.0.0-beta.6 does not satisfy its siblings' peerDependencies requirements!
233 verbose stack     at C:\Program Files\nodejs\node_modules\npm\lib\install.js:125:32
233 verbose stack     at C:\Program Files\nodejs\node_modules\npm\lib\install.js:268:7
233 verbose stack     at C:\Program Files\nodejs\node_modules\npm\node_modules\read-installed\read-installed.js:142:5
233 verbose stack     at C:\Program Files\nodejs\node_modules\npm\node_modules\read-installed\read-installed.js:263:14
233 verbose stack     at cb (C:\Program Files\nodejs\node_modules\npm\node_modules\slide\lib\async-map.js:47:24)
233 verbose stack     at C:\Program Files\nodejs\node_modules\npm\node_modules\read-installed\read-installed.js:263:14
233 verbose stack     at cb (C:\Program Files\nodejs\node_modules\npm\node_modules\slide\lib\async-map.js:47:24)
233 verbose stack     at C:\Program Files\nodejs\node_modules\npm\node_modules\read-installed\read-installed.js:263:14
233 verbose stack     at cb (C:\Program Files\nodejs\node_modules\npm\node_modules\slide\lib\async-map.js:47:24)
233 verbose stack     at C:\Program Files\nodejs\node_modules\npm\node_modules\read-installed\read-installed.js:263:14
234 verbose cwd d:\TypeScript Projects\Ionic Pract\Ionic_Tab_Http_ Pract\Tab_HTTP_Sample\app
235 error Windows_NT 10.0.10586
236 error argv "C:\\Program Files\\nodejs\\node.exe" "C:\\Program Files\\nodejs\\node_modules\\npm\\bin\\npm-cli.js" "install" "angularfire2" "--save"
237 error node v4.4.0
238 error npm  v2.14.20
239 error code EPEERINVALID
240 error peerinvalid The package angular2@2.0.0-beta.6 does not satisfy its siblings' peerDependencies requirements!
240 error peerinvalid Peer ionic-angular@2.0.0-beta.3 wants angular2@^2.0.0-beta.6
240 error peerinvalid Peer angularfire2@2.0.0-alpha.13 wants angular2@2.0.0-beta.7
241 verbose exit [ 1, true ]
