0 info it worked if it ends with ok
1 verbose cli [ 'C:\\Program Files\\nodejs\\node.exe',
1 verbose cli   'C:\\Program Files\\nodejs\\node_modules\\npm\\bin\\npm-cli.js',
1 verbose cli   'install',
1 verbose cli   'angular2-jwt@beta' ]
2 info using npm@2.14.20
3 info using node@v4.4.0
4 verbose install initial load of d:\TypeScript Projects\Ionic Pract\Ionic2_JWT\package.json
5 warn package.json ionic2_jwt@ No repository field.
6 warn package.json ionic2_jwt@ No README data
7 warn package.json ionic2_jwt@ No license field.
8 verbose installManyTop reading scoped package data from d:\TypeScript Projects\Ionic Pract\Ionic2_JWT\node_modules\angular2\package.json
9 verbose installManyTop reading scoped package data from d:\TypeScript Projects\Ionic Pract\Ionic2_JWT\node_modules\angular2-jwt\package.json
10 verbose installManyTop reading scoped package data from d:\TypeScript Projects\Ionic Pract\Ionic2_JWT\node_modules\del\package.json
11 verbose installManyTop reading scoped package data from d:\TypeScript Projects\Ionic Pract\Ionic2_JWT\node_modules\es6-shim\package.json
12 verbose installManyTop reading scoped package data from d:\TypeScript Projects\Ionic Pract\Ionic2_JWT\node_modules\gulp\package.json
13 verbose installManyTop reading scoped package data from d:\TypeScript Projects\Ionic Pract\Ionic2_JWT\node_modules\gulp-watch\package.json
14 verbose installManyTop reading scoped package data from d:\TypeScript Projects\Ionic Pract\Ionic2_JWT\node_modules\ionic-angular\package.json
15 verbose installManyTop reading scoped package data from d:\TypeScript Projects\Ionic Pract\Ionic2_JWT\node_modules\ionic-gulp-browserify-typescript\package.json
16 verbose installManyTop reading scoped package data from d:\TypeScript Projects\Ionic Pract\Ionic2_JWT\node_modules\ionic-gulp-fonts-copy\package.json
17 verbose installManyTop reading scoped package data from d:\TypeScript Projects\Ionic Pract\Ionic2_JWT\node_modules\ionic-gulp-html-copy\package.json
18 verbose installManyTop reading scoped package data from d:\TypeScript Projects\Ionic Pract\Ionic2_JWT\node_modules\ionic-gulp-sass-build\package.json
19 verbose installManyTop reading scoped package data from d:\TypeScript Projects\Ionic Pract\Ionic2_JWT\node_modules\ionic-gulp-scripts-copy\package.json
20 verbose installManyTop reading scoped package data from d:\TypeScript Projects\Ionic Pract\Ionic2_JWT\node_modules\ionic-native\package.json
21 verbose installManyTop reading scoped package data from d:\TypeScript Projects\Ionic Pract\Ionic2_JWT\node_modules\ionicons\package.json
22 verbose installManyTop reading scoped package data from d:\TypeScript Projects\Ionic Pract\Ionic2_JWT\node_modules\reflect-metadata\package.json
23 verbose installManyTop reading scoped package data from d:\TypeScript Projects\Ionic Pract\Ionic2_JWT\node_modules\run-sequence\package.json
24 verbose installManyTop reading scoped package data from d:\TypeScript Projects\Ionic Pract\Ionic2_JWT\node_modules\rxjs\package.json
25 verbose installManyTop reading scoped package data from d:\TypeScript Projects\Ionic Pract\Ionic2_JWT\node_modules\zone.js\package.json
26 verbose installManyTop reading scoped package data from d:\TypeScript Projects\Ionic Pract\Ionic2_JWT\node_modules\@angular\common\package.json
27 verbose installManyTop reading scoped package data from d:\TypeScript Projects\Ionic Pract\Ionic2_JWT\node_modules\@angular\compiler\package.json
28 verbose installManyTop reading scoped package data from d:\TypeScript Projects\Ionic Pract\Ionic2_JWT\node_modules\@angular\core\package.json
29 verbose installManyTop reading scoped package data from d:\TypeScript Projects\Ionic Pract\Ionic2_JWT\node_modules\@angular\http\package.json
30 verbose installManyTop reading scoped package data from d:\TypeScript Projects\Ionic Pract\Ionic2_JWT\node_modules\@angular\platform-browser\package.json
31 verbose installManyTop reading scoped package data from d:\TypeScript Projects\Ionic Pract\Ionic2_JWT\node_modules\@angular\platform-browser-dynamic\package.json
32 verbose installManyTop reading scoped package data from d:\TypeScript Projects\Ionic Pract\Ionic2_JWT\node_modules\@angular\router\package.json
33 info package.json ionic-gulp-fonts-copy@1.0.0 No repository field.
34 info package.json ionic-gulp-fonts-copy@1.0.0 No license field.
35 info package.json @angular/common@2.0.0-rc.1 No description
36 info package.json @angular/common@2.0.0-rc.1 No repository field.
37 info package.json @angular/compiler@2.0.0-rc.1 No description
38 info package.json @angular/compiler@2.0.0-rc.1 No repository field.
39 info package.json @angular/core@2.0.0-rc.1 No description
40 info package.json @angular/core@2.0.0-rc.1 No repository field.
41 info package.json @angular/http@2.0.0-rc.1 No description
42 info package.json @angular/http@2.0.0-rc.1 No repository field.
43 info package.json @angular/platform-browser@2.0.0-rc.1 No description
44 info package.json @angular/platform-browser@2.0.0-rc.1 No repository field.
45 info package.json @angular/platform-browser-dynamic@2.0.0-rc.1 No description
46 info package.json @angular/platform-browser-dynamic@2.0.0-rc.1 No repository field.
47 info package.json @angular/router@2.0.0-rc.1 No description
48 info package.json @angular/router@2.0.0-rc.1 No repository field.
49 verbose readDependencies loading dependencies from d:\TypeScript Projects\Ionic Pract\Ionic2_JWT\package.json
50 silly cache add args [ 'angular2-jwt@beta', null ]
51 verbose cache add spec angular2-jwt@beta
52 silly cache add parsed spec Result {
52 silly cache add   raw: 'angular2-jwt@beta',
52 silly cache add   scope: null,
52 silly cache add   name: 'angular2-jwt',
52 silly cache add   rawSpec: 'beta',
52 silly cache add   spec: 'beta',
52 silly cache add   type: 'tag' }
53 silly addNamed angular2-jwt@beta
54 verbose addNamed "beta" is being treated as a dist-tag for angular2-jwt
55 info addNameTag [ 'angular2-jwt', 'beta' ]
56 silly mapToRegistry name angular2-jwt
57 silly mapToRegistry using default registry
58 silly mapToRegistry registry https://registry.npmjs.org/
59 silly mapToRegistry uri https://registry.npmjs.org/angular2-jwt
60 verbose addNameTag registry:https://registry.npmjs.org/angular2-jwt not in flight; fetching
61 verbose request uri https://registry.npmjs.org/angular2-jwt
62 verbose request no auth needed
63 info attempt registry request try #1 at 3:03:05 AM
64 verbose request id 5f5938baa7f64fe5
65 verbose etag "6MJ0VGNFAUZKXTODLAVU3GHRA"
66 http request GET https://registry.npmjs.org/angular2-jwt
67 http 304 https://registry.npmjs.org/angular2-jwt
68 verbose headers { date: 'Mon, 23 May 2016 22:03:01 GMT',
68 verbose headers   via: '1.1 varnish',
68 verbose headers   'cache-control': 'max-age=300',
68 verbose headers   etag: '"6MJ0VGNFAUZKXTODLAVU3GHRA"',
68 verbose headers   age: '31',
68 verbose headers   connection: 'keep-alive',
68 verbose headers   'x-served-by': 'cache-fra1244-FRA',
68 verbose headers   'x-cache': 'HIT',
68 verbose headers   'x-cache-hits': '8',
68 verbose headers   'x-timer': 'S1464040981.183477,VS0,VE0',
68 verbose headers   vary: 'Accept-Encoding' }
69 silly get cb [ 304,
69 silly get   { date: 'Mon, 23 May 2016 22:03:01 GMT',
69 silly get     via: '1.1 varnish',
69 silly get     'cache-control': 'max-age=300',
69 silly get     etag: '"6MJ0VGNFAUZKXTODLAVU3GHRA"',
69 silly get     age: '31',
69 silly get     connection: 'keep-alive',
69 silly get     'x-served-by': 'cache-fra1244-FRA',
69 silly get     'x-cache': 'HIT',
69 silly get     'x-cache-hits': '8',
69 silly get     'x-timer': 'S1464040981.183477,VS0,VE0',
69 silly get     vary: 'Accept-Encoding' } ]
70 verbose etag https://registry.npmjs.org/angular2-jwt from cache
71 verbose get saving angular2-jwt to C:\Users\Shahzaib\AppData\Roaming\npm-cache\registry.npmjs.org\angular2-jwt\.cache.json
72 verbose correctMkdir C:\Users\Shahzaib\AppData\Roaming\npm-cache correctMkdir not in flight; initializing
73 silly addNameTag next cb for angular2-jwt with tag beta
74 verbose stack Error: No compatible version found: angular2-jwt@'beta'
74 verbose stack Valid install targets:
74 verbose stack ["0.1.0","0.1.1","0.1.2","0.1.3","0.1.4","0.1.5","0.1.6","0.1.7","0.1.8","0.1.9","0.1.10","0.1.11","0.1.12","0.1.13","0.1.14","0.1.15"]
74 verbose stack
74 verbose stack     at installTargetsError (C:\Program Files\nodejs\node_modules\npm\lib\cache\add-named.js:284:12)
74 verbose stack     at next (C:\Program Files\nodejs\node_modules\npm\lib\cache\add-named.js:94:10)
74 verbose stack     at RES (C:\Program Files\nodejs\node_modules\npm\node_modules\inflight\inflight.js:23:14)
74 verbose stack     at f (C:\Program Files\nodejs\node_modules\npm\node_modules\once\once.js:17:25)
74 verbose stack     at fixName (C:\Program Files\nodejs\node_modules\npm\lib\cache\add-named.js:29:5)
74 verbose stack     at saved (C:\Program Files\nodejs\node_modules\npm\lib\cache\caching-client.js:173:7)
74 verbose stack     at C:\Program Files\nodejs\node_modules\npm\node_modules\graceful-fs\polyfills.js:210:7
74 verbose stack     at FSReqWrap.oncomplete (fs.js:82:15)
75 verbose cwd d:\TypeScript Projects\Ionic Pract\Ionic2_JWT
76 error Windows_NT 10.0.10586
77 error argv "C:\\Program Files\\nodejs\\node.exe" "C:\\Program Files\\nodejs\\node_modules\\npm\\bin\\npm-cli.js" "install" "angular2-jwt@beta"
78 error node v4.4.0
79 error npm  v2.14.20
80 error code ETARGET
81 error notarget No compatible version found: angular2-jwt@'beta'
81 error notarget Valid install targets:
81 error notarget ["0.1.0","0.1.1","0.1.2","0.1.3","0.1.4","0.1.5","0.1.6","0.1.7","0.1.8","0.1.9","0.1.10","0.1.11","0.1.12","0.1.13","0.1.14","0.1.15"]
81 error notarget
81 error notarget This is most likely not a problem with npm itself.
81 error notarget In most cases you or one of your dependencies are requesting
81 error notarget a package version that doesn't exist.
81 error notarget
81 error notarget It was specified as a dependency of 'ionic2_jwt'
82 verbose exit [ 1, true ]
